[0m22:39:12.232045 [debug] [MainThread]: Sending event: {'category': 'dbt', 'action': 'invocation', 'label': 'start', 'context': [<snowplow_tracker.self_describing_json.SelfDescribingJson object at 0x106fc7ca0>, <snowplow_tracker.self_describing_json.SelfDescribingJson object at 0x10859b4c0>, <snowplow_tracker.self_describing_json.SelfDescribingJson object at 0x10859ae00>]}


============================== 22:39:12.234867 | 2de3bc4c-30a6-48c6-a712-bc2bcb89499d ==============================
[0m22:39:12.234867 [info ] [MainThread]: Running with dbt=1.11.6
[0m22:39:12.235203 [debug] [MainThread]: running dbt with arguments {'warn_error_options': 'WarnErrorOptionsV2(error=[], warn=[], silence=[])', 'log_cache_events': 'False', 'indirect_selection': 'eager', 'quiet': 'False', 'no_print': 'None', 'partial_parse': 'True', 'empty': 'None', 'use_experimental_parser': 'False', 'cache_selected_only': 'False', 'use_colors': 'True', 'target_path': 'None', 'log_path': 'logs', 'send_anonymous_usage_stats': 'True', 'introspect': 'True', 'debug': 'False', 'profiles_dir': '/Users/lindu/.dbt', 'printer_width': '80', 'version_check': 'True', 'static_parser': 'True', 'warn_error': 'None', 'invocation_command': 'dbt init bnl_dbt', 'fail_fast': 'False', 'write_json': 'True', 'log_format': 'default'}
[0m22:39:12.242648 [debug] [MainThread]: Starter project path: /Users/lindu/dbt_projects/bnl-segmentation-dbt/.venv/lib/python3.10/site-packages/dbt/include/starter_project
[0m22:39:12.246648 [info ] [MainThread]: 
Your new dbt project "bnl_dbt" was created!

For more information on how to configure the profiles.yml file,
please consult the dbt documentation here:

  https://docs.getdbt.com/docs/configure-your-profile

One more thing:

Need help? Don't hesitate to reach out to us via GitHub issues or on Slack:

  https://community.getdbt.com/

Happy modeling!

[0m22:39:12.246963 [info ] [MainThread]: Setting up your profile.
[0m22:39:18.994389 [debug] [MainThread]: Resource report: {"command_name": "init", "command_success": true, "command_wall_clock_time": 6.8045497, "process_in_blocks": "0", "process_kernel_time": 0.149956, "process_mem_max_rss": "116604928", "process_out_blocks": "0", "process_user_time": 0.88417}
[0m22:39:18.994829 [debug] [MainThread]: Command `dbt init` succeeded at 22:39:18.994761 after 6.81 seconds
[0m22:39:18.995090 [debug] [MainThread]: Sending event: {'category': 'dbt', 'action': 'invocation', 'label': 'end', 'context': [<snowplow_tracker.self_describing_json.SelfDescribingJson object at 0x106fc7ca0>, <snowplow_tracker.self_describing_json.SelfDescribingJson object at 0x10859b8b0>, <snowplow_tracker.self_describing_json.SelfDescribingJson object at 0x108599c00>]}
[0m22:39:18.995342 [debug] [MainThread]: Flushing usage events
[0m22:39:19.220888 [debug] [MainThread]: An error was encountered while trying to flush usage events
[0m22:52:52.210265 [debug] [MainThread]: Sending event: {'category': 'dbt', 'action': 'invocation', 'label': 'start', 'context': [<snowplow_tracker.self_describing_json.SelfDescribingJson object at 0x107b8bcd0>, <snowplow_tracker.self_describing_json.SelfDescribingJson object at 0x10915f490>, <snowplow_tracker.self_describing_json.SelfDescribingJson object at 0x10915edd0>]}


============================== 22:52:52.213584 | 65f27abc-7c91-426e-9f34-278066346b67 ==============================
[0m22:52:52.213584 [info ] [MainThread]: Running with dbt=1.11.6
[0m22:52:52.213959 [debug] [MainThread]: running dbt with arguments {'introspect': 'True', 'no_print': 'None', 'warn_error_options': 'WarnErrorOptionsV2(error=[], warn=[], silence=[])', 'warn_error': 'None', 'use_experimental_parser': 'False', 'fail_fast': 'False', 'cache_selected_only': 'False', 'partial_parse': 'True', 'indirect_selection': 'eager', 'log_format': 'default', 'printer_width': '80', 'static_parser': 'True', 'target_path': 'None', 'empty': 'False', 'version_check': 'True', 'log_cache_events': 'False', 'log_path': 'logs', 'write_json': 'True', 'invocation_command': 'dbt run --select fct_bnl__product_customer_month', 'send_anonymous_usage_stats': 'True', 'use_colors': 'True', 'debug': 'False', 'profiles_dir': '/Users/lindu/.dbt', 'quiet': 'False'}
[0m22:52:52.214446 [error] [MainThread]: Encountered an error:
Runtime Error
  No dbt_project.yml found at expected path /Users/lindu/dbt_projects/bnl-segmentation-dbt/dbt_project.yml
  Verify that each entry within packages.yml (and their transitive dependencies) contains a file named dbt_project.yml
  
[0m22:52:52.216339 [debug] [MainThread]: Resource report: {"command_name": "run", "command_success": false, "command_wall_clock_time": 0.046084583, "process_in_blocks": "0", "process_kernel_time": 0.105252, "process_mem_max_rss": "99680256", "process_out_blocks": "0", "process_user_time": 0.674983}
[0m22:52:52.216662 [debug] [MainThread]: Command `dbt run` failed at 22:52:52.216609 after 0.05 seconds
[0m22:52:52.216891 [debug] [MainThread]: Sending event: {'category': 'dbt', 'action': 'invocation', 'label': 'end', 'context': [<snowplow_tracker.self_describing_json.SelfDescribingJson object at 0x107b8bcd0>, <snowplow_tracker.self_describing_json.SelfDescribingJson object at 0x10915fa30>, <snowplow_tracker.self_describing_json.SelfDescribingJson object at 0x10915fa60>]}
[0m22:52:52.217094 [debug] [MainThread]: Flushing usage events
[0m22:52:52.543615 [debug] [MainThread]: An error was encountered while trying to flush usage events
[0m22:52:53.433250 [debug] [MainThread]: Sending event: {'category': 'dbt', 'action': 'invocation', 'label': 'start', 'context': [<snowplow_tracker.self_describing_json.SelfDescribingJson object at 0x103d83d30>, <snowplow_tracker.self_describing_json.SelfDescribingJson object at 0x1053574c0>, <snowplow_tracker.self_describing_json.SelfDescribingJson object at 0x105356e00>]}


============================== 22:52:53.435520 | 6b7c42e3-ed03-4c17-a7b8-ad3a499b2cfc ==============================
[0m22:52:53.435520 [info ] [MainThread]: Running with dbt=1.11.6
[0m22:52:53.435887 [debug] [MainThread]: running dbt with arguments {'write_json': 'True', 'invocation_command': 'dbt show --select fct_bnl__product_customer_month', 'target_path': 'None', 'partial_parse': 'True', 'log_format': 'default', 'warn_error_options': 'WarnErrorOptionsV2(error=[], warn=[], silence=[])', 'empty': 'None', 'fail_fast': 'False', 'version_check': 'True', 'log_path': 'logs', 'introspect': 'True', 'log_cache_events': 'False', 'use_colors': 'True', 'send_anonymous_usage_stats': 'True', 'quiet': 'False', 'warn_error': 'None', 'cache_selected_only': 'False', 'use_experimental_parser': 'False', 'indirect_selection': 'eager', 'profiles_dir': '/Users/lindu/.dbt', 'no_print': 'None', 'debug': 'False', 'printer_width': '80', 'static_parser': 'True'}
[0m22:52:53.436320 [error] [MainThread]: Encountered an error:
Runtime Error
  No dbt_project.yml found at expected path /Users/lindu/dbt_projects/bnl-segmentation-dbt/dbt_project.yml
  Verify that each entry within packages.yml (and their transitive dependencies) contains a file named dbt_project.yml
  
[0m22:52:53.437127 [debug] [MainThread]: Resource report: {"command_name": "show", "command_success": false, "command_wall_clock_time": 0.041314043, "process_in_blocks": "0", "process_kernel_time": 0.079865, "process_mem_max_rss": "100597760", "process_out_blocks": "0", "process_user_time": 0.66556}
[0m22:52:53.437390 [debug] [MainThread]: Command `dbt show` failed at 22:52:53.437341 after 0.04 seconds
[0m22:52:53.437592 [debug] [MainThread]: Sending event: {'category': 'dbt', 'action': 'invocation', 'label': 'end', 'context': [<snowplow_tracker.self_describing_json.SelfDescribingJson object at 0x103d83d30>, <snowplow_tracker.self_describing_json.SelfDescribingJson object at 0x105356a40>, <snowplow_tracker.self_describing_json.SelfDescribingJson object at 0x105357b50>]}
[0m22:52:53.437788 [debug] [MainThread]: Flushing usage events
[0m22:52:53.609385 [debug] [MainThread]: An error was encountered while trying to flush usage events
[0m22:53:28.768890 [debug] [MainThread]: Sending event: {'category': 'dbt', 'action': 'invocation', 'label': 'start', 'context': [<snowplow_tracker.self_describing_json.SelfDescribingJson object at 0x105a6fd00>, <snowplow_tracker.self_describing_json.SelfDescribingJson object at 0x1070434c0>, <snowplow_tracker.self_describing_json.SelfDescribingJson object at 0x107042e00>]}


============================== 22:53:28.771762 | 92a2652b-bba0-4337-a9d1-6724fef8838b ==============================
[0m22:53:28.771762 [info ] [MainThread]: Running with dbt=1.11.6
[0m22:53:28.772156 [debug] [MainThread]: running dbt with arguments {'fail_fast': 'False', 'cache_selected_only': 'False', 'target_path': 'None', 'empty': 'False', 'profiles_dir': '/Users/lindu/.dbt', 'indirect_selection': 'eager', 'no_print': 'None', 'log_cache_events': 'False', 'version_check': 'True', 'introspect': 'True', 'log_format': 'default', 'log_path': 'logs', 'write_json': 'True', 'partial_parse': 'True', 'use_experimental_parser': 'False', 'debug': 'False', 'invocation_command': 'dbt run --select fct_bnl__product_customer_month', 'warn_error_options': 'WarnErrorOptionsV2(error=[], warn=[], silence=[])', 'static_parser': 'True', 'quiet': 'False', 'send_anonymous_usage_stats': 'True', 'use_colors': 'True', 'printer_width': '80', 'warn_error': 'None'}
[0m22:53:28.772621 [error] [MainThread]: Encountered an error:
Runtime Error
  No dbt_project.yml found at expected path /Users/lindu/dbt_projects/bnl-segmentation-dbt/dbt_project.yml
  Verify that each entry within packages.yml (and their transitive dependencies) contains a file named dbt_project.yml
  
[0m22:53:28.774359 [debug] [MainThread]: Resource report: {"command_name": "run", "command_success": false, "command_wall_clock_time": 0.046198666, "process_in_blocks": "0", "process_kernel_time": 0.104668, "process_mem_max_rss": "100220928", "process_out_blocks": "0", "process_user_time": 0.682251}
[0m22:53:28.774661 [debug] [MainThread]: Command `dbt run` failed at 22:53:28.774601 after 0.05 seconds
[0m22:53:28.774864 [debug] [MainThread]: Sending event: {'category': 'dbt', 'action': 'invocation', 'label': 'end', 'context': [<snowplow_tracker.self_describing_json.SelfDescribingJson object at 0x105a6fd00>, <snowplow_tracker.self_describing_json.SelfDescribingJson object at 0x107043a30>, <snowplow_tracker.self_describing_json.SelfDescribingJson object at 0x107043a60>]}
[0m22:53:28.775059 [debug] [MainThread]: Flushing usage events
[0m22:53:28.958289 [debug] [MainThread]: An error was encountered while trying to flush usage events
[0m16:17:11.416788 [debug] [MainThread]: Sending event: {'category': 'dbt', 'action': 'invocation', 'label': 'start', 'context': [<snowplow_tracker.self_describing_json.SelfDescribingJson object at 0x103897d60>, <snowplow_tracker.self_describing_json.SelfDescribingJson object at 0x104e67490>, <snowplow_tracker.self_describing_json.SelfDescribingJson object at 0x104e66dd0>]}


============================== 16:17:11.420024 | 560b5f7b-c02e-43bb-a46a-8c3581201220 ==============================
[0m16:17:11.420024 [info ] [MainThread]: Running with dbt=1.11.2
[0m16:17:11.420394 [debug] [MainThread]: running dbt with arguments {'log_cache_events': 'False', 'log_path': 'logs', 'write_json': 'True', 'send_anonymous_usage_stats': 'True', 'target_path': 'None', 'profiles_dir': '/Users/lindu/.dbt', 'fail_fast': 'False', 'version_check': 'True', 'log_format': 'default', 'indirect_selection': 'eager', 'use_experimental_parser': 'False', 'partial_parse': 'True', 'empty': 'None', 'introspect': 'True', 'warn_error_options': 'WarnErrorOptionsV2(error=[], warn=[], silence=[])', 'static_parser': 'True', 'warn_error': 'None', 'use_colors': 'True', 'printer_width': '80', 'no_print': 'None', 'cache_selected_only': 'False', 'quiet': 'False', 'debug': 'False', 'invocation_command': 'dbt clean'}
[0m16:17:11.420944 [error] [MainThread]: Encountered an error:
Runtime Error
  No dbt_project.yml found at expected path /Users/lindu/dbt_projects/customers-segmentation-dbt/dbt_project.yml
  Verify that each entry within packages.yml (and their transitive dependencies) contains a file named dbt_project.yml
  
[0m16:17:11.451373 [debug] [MainThread]: Resource report: {"command_name": "clean", "command_success": false, "command_wall_clock_time": 0.07624737, "process_in_blocks": "0", "process_kernel_time": 0.15508, "process_mem_max_rss": "100417536", "process_out_blocks": "0", "process_user_time": 0.735796}
[0m16:17:11.451844 [debug] [MainThread]: Command `dbt clean` failed at 16:17:11.451774 after 0.08 seconds
[0m16:17:11.452112 [debug] [MainThread]: Sending event: {'category': 'dbt', 'action': 'invocation', 'label': 'end', 'context': [<snowplow_tracker.self_describing_json.SelfDescribingJson object at 0x103897d60>, <snowplow_tracker.self_describing_json.SelfDescribingJson object at 0x104e65f90>, <snowplow_tracker.self_describing_json.SelfDescribingJson object at 0x104e65ff0>]}
[0m16:17:11.452360 [debug] [MainThread]: Flushing usage events
[0m16:17:11.670164 [debug] [MainThread]: An error was encountered while trying to flush usage events
